Application Internal Error - C:\trab\Browser\BrowLst.exe
Terminated at: 2019-08-12 17:36:09
Unrecoverable error 6005: Exception error:

    Exception Code:C0000005 ACCESS_VIOLATION
    Exception Address:74E40500
    EAX:00004A7C  EBX:00000911  ECX:00004A7E  EDX:00000000
    ESI:00004A7C  EDI:0091E608  EBP:0091E5A4
    CS:EIP:0023:74E40500  SS:ESP:002B:0091E508
    DS:002B  ES:002B  FS:0053  GS:002B
    Flags:00010246
    Exception Parameters: 00000000 00004A7C
    CS:EIP: 66 8B 06 83 C6 02 66 85 C0 75 F5 2B F1 D1 FE E9
    SS:ESP: 0091E608 1C012656 1C012656 004CB1D1 001E0D64 001E0D8C 00000001 004A6BFB 001E0D8C 00000000 00000000 00483022 00000021 001FCF4C 001DD7BC 00000070

    C stack:
    EIP:     EBP:       Frame: OldEBP, RetAddr, Params...
    74E40500 0091E5A4   0091E5E0 74E3FF2F FFFFFFFF 0091E608 00000911 00000000 FFFFFFFF 005F4340 0091E608 00000018


Modules:
00400000 00320000 C:\trab\Browser\BrowLst.exe
77790000 00190000 C:\Windows\SYSTEM32\ntdll.dll
75810000 000E0000 C:\Windows\System32\KERNEL32.DLL
77270000 001E4000 C:\Windows\System32\KERNELBASE.dll
74A50000 00078000 C:\Windows\System32\ADVAPI32.dll
74D60000 000BF000 C:\Windows\System32\msvcrt.dll
76EA0000 00044000 C:\Windows\System32\sechost.dll
774B0000 000C0000 C:\Windows\System32\RPCRT4.dll
74050000 00020000 C:\Windows\System32\SspiCli.dll
74040000 0000A000 C:\Windows\System32\CRYPTBASE.dll
74150000 00057000 C:\Windows\System32\bcryptPrimitives.dll
74970000 000D6000 C:\Windows\System32\COMDLG32.DLL
73760000 00204000 C:\Windows\WinSxS\x86_microsoft.windows.common-controls_6595b64144ccf1df_6.0.17134.885_none_42efda1e44e17f65\COMCTL32.DLL
75050000 0025C000 C:\Windows\System32\combase.dll
75790000 00022000 C:\Windows\System32\GDI32.dll
77580000 0011D000 C:\Windows\System32\ucrtbase.dll
76F00000 00164000 C:\Windows\System32\gdi32full.dll
740C0000 00088000 C:\Windows\System32\shcore.dll
74B40000 0007D000 C:\Windows\System32\msvcp_win.dll
74E20000 0018D000 C:\Windows\System32\USER32.dll
770E0000 00017000 C:\Windows\System32\win32u.dll
74070000 00045000 C:\Windows\System32\SHLWAPI.dll
75A90000 0134A000 C:\Windows\System32\SHELL32.dll
74FB0000 00039000 C:\Windows\System32\cfgmgr32.dll
741B0000 005BA000 C:\Windows\System32\windows.storage.dll
77570000 0000F000 C:\Windows\System32\kernel.appcore.dll
757F0000 00018000 C:\Windows\System32\profapi.dll
77460000 00045000 C:\Windows\System32\powrprof.dll
74B30000 00008000 C:\Windows\System32\FLTLIB.DLL
758F0000 000FC000 C:\Windows\System32\ole32.dll
76DE0000 00096000 C:\Windows\System32\OLEAUT32.dll
72E10000 00006000 C:\Windows\SYSTEM32\MSIMG32.DLL
73B10000 00023000 C:\Windows\SYSTEM32\MSVFW32.DLL
73E80000 00024000 C:\Windows\SYSTEM32\WINMM.DLL
72F00000 0006D000 C:\Windows\SYSTEM32\WINSPOOL.DRV
73E10000 00023000 C:\Windows\SYSTEM32\WINMMBASE.dll
72A50000 00180000 C:\Windows\SYSTEM32\PROPSYS.dll
73EC0000 00030000 C:\Windows\SYSTEM32\IPHLPAPI.DLL
73C90000 00019000 C:\Windows\SYSTEM32\bcrypt.dll
757C0000 00026000 C:\Windows\System32\IMM32.DLL
77D50000 002AF000 C:\Windows\SYSTEM32\Msftedit.dll
73D30000 0007C000 C:\Windows\system32\uxtheme.dll
74820000 00143000 C:\Windows\System32\MSCTF.dll
73D00000 00023000 C:\Windows\system32\dwmapi.dll
63960000 0007D000 C:\Windows\System32\TextInputFramework.dll
663A0000 0025D000 C:\Windows\System32\CoreUIComponents.dll
66600000 0008B000 C:\Windows\System32\CoreMessaging.dll
69830000 00029000 C:\Windows\SYSTEM32\ntmarta.dll
6CA90000 000D6000 C:\Windows\SYSTEM32\wintypes.dll

Called from _OWNBUTTONDRAW(0)
Called from OBTN_DRAW(438) in C:\trab\Browser\OwnButton.prg
Called from EVENTHNDBUT(85) in C:\trab\Browser\Main.Prg
Called from EVENTS(506) in source\h_windows.prg
Called from DOMESSAGELOOP(0)
Called from _ACTIVATEWINDOW(5723) in source\h_windows.prg
Called from DOMETHOD(9003) in source\h_controlmisc.prg
Called from MAIN(10) in C:\trab\Browser\Main.Prg
------------------------------------------------------------------------
Application Internal Error - C:\trab\Browser\BrowLst.exe
Terminated at: 2019-08-12 17:47:36
Unrecoverable error 6005: Exception error:

    Exception Code:C0000005 ACCESS_VIOLATION
    Exception Address:74E40500
    EAX:00004A7C  EBX:00000912  ECX:00004A7E  EDX:00000000
    ESI:00004A7C  EDI:0091E608  EBP:0091E5A4
    CS:EIP:0023:74E40500  SS:ESP:002B:0091E508
    DS:002B  ES:002B  FS:0053  GS:002B
    Flags:00010246
    Exception Parameters: 00000000 00004A7C
    CS:EIP: 66 8B 06 83 C6 02 66 85 C0 75 F5 2B F1 D1 FE E9
    SS:ESP: 0091E608 81011AF6 81011AF6 004CB1D1 01260D64 01260D8C 00000001 004A6BFB 01260D8C 00000000 00000000 00483022 00000021 0129B41C 0125D7BC 00000070

    C stack:
    EIP:     EBP:       Frame: OldEBP, RetAddr, Params...
    74E40500 0091E5A4   0091E5E0 74E3FF2F FFFFFFFF 0091E608 00000912 00000000 FFFFFFFF 005F4340 0091E608 00000018
    74E3FF2F 0091E5E0   0125D7BC 00401AA6 81011AF6 00004A7C FFFFFFFF 0091E608 00000912 01260D8C 0125D7BC 0129B3FC
    00401AA6 0125D7BC   0129B41C 0129B6EC 0129B23C 0129B3FC 00000000 00000000 01296B8C 0091000A 00010001 00000000


Modules:
00400000 00320000 C:\trab\Browser\BrowLst.exe
77790000 00190000 C:\Windows\SYSTEM32\ntdll.dll
75810000 000E0000 C:\Windows\System32\KERNEL32.DLL
77270000 001E4000 C:\Windows\System32\KERNELBASE.dll
74A50000 00078000 C:\Windows\System32\ADVAPI32.dll
74D60000 000BF000 C:\Windows\System32\msvcrt.dll
76EA0000 00044000 C:\Windows\System32\sechost.dll
774B0000 000C0000 C:\Windows\System32\RPCRT4.dll
74050000 00020000 C:\Windows\System32\SspiCli.dll
74040000 0000A000 C:\Windows\System32\CRYPTBASE.dll
74150000 00057000 C:\Windows\System32\bcryptPrimitives.dll
74970000 000D6000 C:\Windows\System32\COMDLG32.DLL
75050000 0025C000 C:\Windows\System32\combase.dll
73760000 00204000 C:\Windows\WinSxS\x86_microsoft.windows.common-controls_6595b64144ccf1df_6.0.17134.885_none_42efda1e44e17f65\COMCTL32.DLL
77580000 0011D000 C:\Windows\System32\ucrtbase.dll
75790000 00022000 C:\Windows\System32\GDI32.dll
740C0000 00088000 C:\Windows\System32\shcore.dll
76F00000 00164000 C:\Windows\System32\gdi32full.dll
74E20000 0018D000 C:\Windows\System32\USER32.dll
74B40000 0007D000 C:\Windows\System32\msvcp_win.dll
770E0000 00017000 C:\Windows\System32\win32u.dll
74070000 00045000 C:\Windows\System32\SHLWAPI.dll
75A90000 0134A000 C:\Windows\System32\SHELL32.dll
74FB0000 00039000 C:\Windows\System32\cfgmgr32.dll
741B0000 005BA000 C:\Windows\System32\windows.storage.dll
77570000 0000F000 C:\Windows\System32\kernel.appcore.dll
757F0000 00018000 C:\Windows\System32\profapi.dll
77460000 00045000 C:\Windows\System32\powrprof.dll
74B30000 00008000 C:\Windows\System32\FLTLIB.DLL
758F0000 000FC000 C:\Windows\System32\ole32.dll
76DE0000 00096000 C:\Windows\System32\OLEAUT32.dll
72E10000 00006000 C:\Windows\SYSTEM32\MSIMG32.DLL
73B10000 00023000 C:\Windows\SYSTEM32\MSVFW32.DLL
73E80000 00024000 C:\Windows\SYSTEM32\WINMM.DLL
72F00000 0006D000 C:\Windows\SYSTEM32\WINSPOOL.DRV
73E10000 00023000 C:\Windows\SYSTEM32\winmmbase.dll
73EC0000 00030000 C:\Windows\SYSTEM32\IPHLPAPI.DLL
72A50000 00180000 C:\Windows\SYSTEM32\PROPSYS.dll
73C90000 00019000 C:\Windows\SYSTEM32\bcrypt.dll
757C0000 00026000 C:\Windows\System32\IMM32.DLL
77D50000 002AF000 C:\Windows\SYSTEM32\Msftedit.dll
73D30000 0007C000 C:\Windows\system32\uxtheme.dll
74820000 00143000 C:\Windows\System32\MSCTF.dll
73D00000 00023000 C:\Windows\system32\dwmapi.dll
63960000 0007D000 C:\Windows\System32\TextInputFramework.dll
663A0000 0025D000 C:\Windows\System32\CoreUIComponents.dll
66600000 0008B000 C:\Windows\System32\CoreMessaging.dll
69830000 00029000 C:\Windows\SYSTEM32\ntmarta.dll
6CA90000 000D6000 C:\Windows\SYSTEM32\wintypes.dll

Called from _OWNBUTTONDRAW(0)
Called from OBTN_DRAW(438) in C:\trab\Browser\OwnButton.prg
Called from EVENTHNDBUT(85) in C:\trab\Browser\Main.Prg
Called from EVENTS(506) in source\h_windows.prg
Called from DOMESSAGELOOP(0)
Called from _ACTIVATEWINDOW(5723) in source\h_windows.prg
Called from DOMETHOD(9003) in source\h_controlmisc.prg
Called from MAIN(10) in C:\trab\Browser\Main.Prg
------------------------------------------------------------------------
Application Internal Error - C:\trab\Browser\BrowLst.exe
Terminated at: 2019-08-12 17:52:56
Unrecoverable error 6005: Exception error:

    Exception Code:C0000005 ACCESS_VIOLATION
    Exception Address:74E40500
    EAX:00004A7C  EBX:00000910  ECX:00004A7E  EDX:00000000
    ESI:00004A7C  EDI:0091E608  EBP:0091E5A4
    CS:EIP:0023:74E40500  SS:ESP:002B:0091E508
    DS:002B  ES:002B  FS:0053  GS:002B
    Flags:00010246
    Exception Parameters: 00000000 00004A7C
    CS:EIP: 66 8B 06 83 C6 02 66 85 C0 75 F5 2B F1 D1 FE E9
    SS:ESP: 0091E608 16011E1F 16011E1F 004CB1D1 001E0D64 001E0D8C 00000001 004A6BFB 001E0D8C 00000000 00000000 00483022 00000021 001FCCB4 001DD7BC 00000070

    C stack:
    EIP:     EBP:       Frame: OldEBP, RetAddr, Params...
    74E40500 0091E5A4   0091E5E0 74E3FF2F FFFFFFFF 0091E608 00000910 00000000 FFFFFFFF 005F4340 0091E608 00000018


Modules:
00400000 00320000 C:\trab\Browser\BrowLst.exe
77790000 00190000 C:\Windows\SYSTEM32\ntdll.dll
75810000 000E0000 C:\Windows\System32\KERNEL32.DLL
77270000 001E4000 C:\Windows\System32\KERNELBASE.dll
74A50000 00078000 C:\Windows\System32\ADVAPI32.dll
74D60000 000BF000 C:\Windows\System32\msvcrt.dll
76EA0000 00044000 C:\Windows\System32\sechost.dll
774B0000 000C0000 C:\Windows\System32\RPCRT4.dll
74050000 00020000 C:\Windows\System32\SspiCli.dll
74040000 0000A000 C:\Windows\System32\CRYPTBASE.dll
74150000 00057000 C:\Windows\System32\bcryptPrimitives.dll
74970000 000D6000 C:\Windows\System32\COMDLG32.DLL
73760000 00204000 C:\Windows\WinSxS\x86_microsoft.windows.common-controls_6595b64144ccf1df_6.0.17134.885_none_42efda1e44e17f65\COMCTL32.DLL
75050000 0025C000 C:\Windows\System32\combase.dll
77580000 0011D000 C:\Windows\System32\ucrtbase.dll
75790000 00022000 C:\Windows\System32\GDI32.dll
740C0000 00088000 C:\Windows\System32\shcore.dll
76F00000 00164000 C:\Windows\System32\gdi32full.dll
74B40000 0007D000 C:\Windows\System32\msvcp_win.dll
74E20000 0018D000 C:\Windows\System32\USER32.dll
770E0000 00017000 C:\Windows\System32\win32u.dll
74070000 00045000 C:\Windows\System32\SHLWAPI.dll
75A90000 0134A000 C:\Windows\System32\SHELL32.dll
74FB0000 00039000 C:\Windows\System32\cfgmgr32.dll
741B0000 005BA000 C:\Windows\System32\windows.storage.dll
77570000 0000F000 C:\Windows\System32\kernel.appcore.dll
757F0000 00018000 C:\Windows\System32\profapi.dll
77460000 00045000 C:\Windows\System32\powrprof.dll
74B30000 00008000 C:\Windows\System32\FLTLIB.DLL
758F0000 000FC000 C:\Windows\System32\ole32.dll
76DE0000 00096000 C:\Windows\System32\OLEAUT32.dll
73B10000 00023000 C:\Windows\SYSTEM32\MSVFW32.DLL
72E10000 00006000 C:\Windows\SYSTEM32\MSIMG32.DLL
73E80000 00024000 C:\Windows\SYSTEM32\WINMM.DLL
72F00000 0006D000 C:\Windows\SYSTEM32\WINSPOOL.DRV
73E10000 00023000 C:\Windows\SYSTEM32\winmmbase.dll
72A50000 00180000 C:\Windows\SYSTEM32\PROPSYS.dll
73EC0000 00030000 C:\Windows\SYSTEM32\IPHLPAPI.DLL
73C90000 00019000 C:\Windows\SYSTEM32\bcrypt.dll
757C0000 00026000 C:\Windows\System32\IMM32.DLL
77D50000 002AF000 C:\Windows\SYSTEM32\Msftedit.dll
73D30000 0007C000 C:\Windows\system32\uxtheme.dll
74820000 00143000 C:\Windows\System32\MSCTF.dll
73D00000 00023000 C:\Windows\system32\dwmapi.dll
63960000 0007D000 C:\Windows\System32\TextInputFramework.dll
663A0000 0025D000 C:\Windows\System32\CoreUIComponents.dll
66600000 0008B000 C:\Windows\System32\CoreMessaging.dll
69830000 00029000 C:\Windows\SYSTEM32\ntmarta.dll
6CA90000 000D6000 C:\Windows\SYSTEM32\wintypes.dll

Called from _OWNBUTTONDRAW(0)
Called from OBTN_DRAW(438) in C:\trab\Browser\OwnButton.prg
Called from EVENTHNDBUT(85) in C:\trab\Browser\Main.Prg
Called from EVENTS(506) in source\h_windows.prg
Called from DOMESSAGELOOP(0)
Called from _ACTIVATEWINDOW(5723) in source\h_windows.prg
Called from DOMETHOD(9003) in source\h_controlmisc.prg
Called from MAIN(10) in C:\trab\Browser\Main.Prg
------------------------------------------------------------------------
Application Internal Error - C:\trab\Browser\BrowLst.exe
Terminated at: 2019-08-13 09:18:25
Unrecoverable error 6005: Exception error:

    Exception Code:C0000005 ACCESS_VIOLATION
    Exception Address:74E40500
    EAX:00004B3C  EBX:00000910  ECX:00004B3E  EDX:00000000
    ESI:00004B3C  EDI:0091DA00  EBP:0091D99C
    CS:EIP:0023:74E40500  SS:ESP:002B:0091D900
    DS:002B  ES:002B  FS:0053  GS:002B
    Flags:00010246
    Exception Parameters: 00000000 00004B3C
    CS:EIP: 66 8B 06 83 C6 02 66 85 C0 75 F5 2B F1 D1 FE E9
    SS:ESP: 0091DA00 EB011BF3 EB011BF3 004CB1D1 001F18FC 001F1924 00000001 004A6BFB 001F1924 00000000 00000000 00483022 00000021 00A05C88 001ED7EC 000000B9

    C stack:
    EIP:     EBP:       Frame: OldEBP, RetAddr, Params...
    74E40500 0091D99C   0091D9D8 74E3FF2F FFFFFFFF 0091DA00 00000910 00000000 FFFFFFFF 005F43A0 0091DA00 00000018


Modules:
00400000 00320000 C:\trab\Browser\BrowLst.exe
77790000 00190000 C:\Windows\SYSTEM32\ntdll.dll
75810000 000E0000 C:\Windows\System32\KERNEL32.DLL
77270000 001E4000 C:\Windows\System32\KERNELBASE.dll
74A50000 00078000 C:\Windows\System32\ADVAPI32.dll
74D60000 000BF000 C:\Windows\System32\msvcrt.dll
76EA0000 00044000 C:\Windows\System32\sechost.dll
774B0000 000C0000 C:\Windows\System32\RPCRT4.dll
74050000 00020000 C:\Windows\System32\SspiCli.dll
74040000 0000A000 C:\Windows\System32\CRYPTBASE.dll
74150000 00057000 C:\Windows\System32\bcryptPrimitives.dll
74970000 000D6000 C:\Windows\System32\COMDLG32.DLL
73550000 00204000 C:\Windows\WinSxS\x86_microsoft.windows.common-controls_6595b64144ccf1df_6.0.17134.885_none_42efda1e44e17f65\COMCTL32.DLL
75050000 0025C000 C:\Windows\System32\combase.dll
77580000 0011D000 C:\Windows\System32\ucrtbase.dll
75790000 00022000 C:\Windows\System32\GDI32.dll
76F00000 00164000 C:\Windows\System32\gdi32full.dll
740C0000 00088000 C:\Windows\System32\shcore.dll
74B40000 0007D000 C:\Windows\System32\msvcp_win.dll
74E20000 0018D000 C:\Windows\System32\USER32.dll
770E0000 00017000 C:\Windows\System32\win32u.dll
74070000 00045000 C:\Windows\System32\SHLWAPI.dll
75A90000 0134A000 C:\Windows\System32\SHELL32.dll
74FB0000 00039000 C:\Windows\System32\cfgmgr32.dll
741B0000 005BA000 C:\Windows\System32\windows.storage.dll
77570000 0000F000 C:\Windows\System32\kernel.appcore.dll
757F0000 00018000 C:\Windows\System32\profapi.dll
77460000 00045000 C:\Windows\System32\powrprof.dll
74B30000 00008000 C:\Windows\System32\FLTLIB.DLL
758F0000 000FC000 C:\Windows\System32\ole32.dll
76DE0000 00096000 C:\Windows\System32\OLEAUT32.dll
73DA0000 00006000 C:\Windows\SYSTEM32\MSIMG32.DLL
73C50000 00023000 C:\Windows\SYSTEM32\MSVFW32.DLL
73E80000 00024000 C:\Windows\SYSTEM32\WINMM.DLL
6F440000 0006D000 C:\Windows\SYSTEM32\WINSPOOL.DRV
73E10000 00023000 C:\Windows\SYSTEM32\WINMMBASE.dll
72A70000 00180000 C:\Windows\SYSTEM32\PROPSYS.dll
73EC0000 00030000 C:\Windows\SYSTEM32\IPHLPAPI.DLL
73C90000 00019000 C:\Windows\SYSTEM32\bcrypt.dll
757C0000 00026000 C:\Windows\System32\IMM32.DLL
0F650000 002AF000 C:\Windows\SYSTEM32\Msftedit.dll
73D20000 0007C000 C:\Windows\system32\uxtheme.dll
74820000 00143000 C:\Windows\System32\MSCTF.dll
730C0000 00023000 C:\Windows\system32\dwmapi.dll
62C90000 0007D000 C:\Windows\System32\TextInputFramework.dll
659A0000 0008B000 C:\Windows\System32\CoreMessaging.dll
65A30000 0025D000 C:\Windows\System32\CoreUIComponents.dll
69830000 00029000 C:\Windows\SYSTEM32\ntmarta.dll
6D1C0000 000D6000 C:\Windows\SYSTEM32\wintypes.dll

Called from _OWNBUTTONDRAW(0)
Called from OBTN_DRAW(438) in C:\trab\Browser\OwnButton.prg
Called from EVENTHNDBUT(101) in C:\trab\Browser\Main.Prg
Called from EVENTS(506) in source\h_windows.prg
Called from REDRAWWINDOW(0)
Called from CRIEBRW(84) in C:\trab\Browser\Main.Prg
Called from (b)MAIN(11) in C:\trab\Browser\Main.Prg
Called from _DOCONTROLEVENTPROCEDURE(6062) in source\h_windows.prg
Called from EVENTS(1801) in source\h_windows.prg
Called from DOMESSAGELOOP(0)
Called from _ACTIVATEWINDOW(5723) in source\h_windows.prg
Called from DOMETHOD(9003) in source\h_controlmisc.prg
Called from MAIN(10) in C:\trab\Browser\Main.Prg
------------------------------------------------------------------------
Application Internal Error - C:\trab\Browser\BrowLst.exe
Terminated at: 2019-08-13 09:20:48
Unrecoverable error 6005: Exception error:

    Exception Code:C0000005 ACCESS_VIOLATION
    Exception Address:74E40500
    EAX:00004B3C  EBX:00000910  ECX:00004B3E  EDX:00000000
    ESI:00004B3C  EDI:0091DA00  EBP:0091D99C
    CS:EIP:0023:74E40500  SS:ESP:002B:0091D900
    DS:002B  ES:002B  FS:0053  GS:002B
    Flags:00010246
    Exception Parameters: 00000000 00004B3C
    CS:EIP: 66 8B 06 83 C6 02 66 85 C0 75 F5 2B F1 D1 FE E9
    SS:ESP: 0091DA00 3C011B98 00004B3C 004CB201 00AC18FC 00AC1924 00000001 004A6C2B 00AC1924 00000000 00000000 E5AB2376 0091D9B8 74E98265 005F43A0 3C011B98

    C stack:
    EIP:     EBP:       Frame: OldEBP, RetAddr, Params...
    74E40500 0091D99C   0091D9D8 74E3FF2F FFFFFFFF 0091DA00 00000910 00000000 FFFFFFFF 0091DA00 3C011B98 00000018
    74E3FF2F 0091D9D8   00ABD7EC 00401ACA 3C011B98 00004B3C FFFFFFFF 0091DA00 00000910 00AC1924 00ABD7EC 00AD4880
    00401ACA 00ABD7EC   00ADD990 00ADDC7C 00ADD68C 00ADD970 00000002 00000000 00000000 0091000A 00010001 00000000


Modules:
00400000 00320000 C:\trab\Browser\BrowLst.exe
77790000 00190000 C:\Windows\SYSTEM32\ntdll.dll
75810000 000E0000 C:\Windows\System32\KERNEL32.DLL
77270000 001E4000 C:\Windows\System32\KERNELBASE.dll
74A50000 00078000 C:\Windows\System32\ADVAPI32.dll
74D60000 000BF000 C:\Windows\System32\msvcrt.dll
76EA0000 00044000 C:\Windows\System32\sechost.dll
774B0000 000C0000 C:\Windows\System32\RPCRT4.dll
74050000 00020000 C:\Windows\System32\SspiCli.dll
74040000 0000A000 C:\Windows\System32\CRYPTBASE.dll
74150000 00057000 C:\Windows\System32\bcryptPrimitives.dll
74970000 000D6000 C:\Windows\System32\COMDLG32.DLL
75050000 0025C000 C:\Windows\System32\combase.dll
73550000 00204000 C:\Windows\WinSxS\x86_microsoft.windows.common-controls_6595b64144ccf1df_6.0.17134.885_none_42efda1e44e17f65\COMCTL32.DLL
77580000 0011D000 C:\Windows\System32\ucrtbase.dll
75790000 00022000 C:\Windows\System32\GDI32.dll
76F00000 00164000 C:\Windows\System32\gdi32full.dll
740C0000 00088000 C:\Windows\System32\shcore.dll
74B40000 0007D000 C:\Windows\System32\msvcp_win.dll
74E20000 0018D000 C:\Windows\System32\USER32.dll
770E0000 00017000 C:\Windows\System32\win32u.dll
74070000 00045000 C:\Windows\System32\SHLWAPI.dll
75A90000 0134A000 C:\Windows\System32\SHELL32.dll
74FB0000 00039000 C:\Windows\System32\cfgmgr32.dll
741B0000 005BA000 C:\Windows\System32\windows.storage.dll
77570000 0000F000 C:\Windows\System32\kernel.appcore.dll
757F0000 00018000 C:\Windows\System32\profapi.dll
77460000 00045000 C:\Windows\System32\powrprof.dll
74B30000 00008000 C:\Windows\System32\FLTLIB.DLL
758F0000 000FC000 C:\Windows\System32\ole32.dll
76DE0000 00096000 C:\Windows\System32\OLEAUT32.dll
73DA0000 00006000 C:\Windows\SYSTEM32\MSIMG32.DLL
73C50000 00023000 C:\Windows\SYSTEM32\MSVFW32.DLL
73E80000 00024000 C:\Windows\SYSTEM32\WINMM.DLL
6F440000 0006D000 C:\Windows\SYSTEM32\WINSPOOL.DRV
73E10000 00023000 C:\Windows\SYSTEM32\winmmbase.dll
72A70000 00180000 C:\Windows\SYSTEM32\PROPSYS.dll
73EC0000 00030000 C:\Windows\SYSTEM32\IPHLPAPI.DLL
73C90000 00019000 C:\Windows\SYSTEM32\bcrypt.dll
757C0000 00026000 C:\Windows\System32\IMM32.DLL
0F650000 002AF000 C:\Windows\SYSTEM32\Msftedit.dll
73D20000 0007C000 C:\Windows\system32\uxtheme.dll
74820000 00143000 C:\Windows\System32\MSCTF.dll
730C0000 00023000 C:\Windows\system32\dwmapi.dll
62C90000 0007D000 C:\Windows\System32\TextInputFramework.dll
659A0000 0008B000 C:\Windows\System32\CoreMessaging.dll
65A30000 0025D000 C:\Windows\System32\CoreUIComponents.dll
69830000 00029000 C:\Windows\SYSTEM32\ntmarta.dll
6D1C0000 000D6000 C:\Windows\SYSTEM32\wintypes.dll

Called from _OWNBUTTONDRAW(0)
Called from OBTN_DRAW(438) in C:\trab\Browser\OwnButton.prg
Called from EVENTHNDBUT(101) in C:\trab\Browser\Main.Prg
Called from EVENTS(506) in source\h_windows.prg
Called from REDRAWWINDOW(0)
Called from CRIEBRW(84) in C:\trab\Browser\Main.Prg
Called from (b)MAIN(11) in C:\trab\Browser\Main.Prg
Called from _DOCONTROLEVENTPROCEDURE(6062) in source\h_windows.prg
Called from EVENTS(1801) in source\h_windows.prg
Called from DOMESSAGELOOP(0)
Called from _ACTIVATEWINDOW(5723) in source\h_windows.prg
Called from DOMETHOD(9003) in source\h_controlmisc.prg
Called from MAIN(10) in C:\trab\Browser\Main.Prg
------------------------------------------------------------------------
Application Internal Error - C:\SisDbHmg\Browser\BrowList.exe
Terminated at: 2020-09-29 10:33:39
Unrecoverable error 9012: Can't locate the starting procedure: 'MAIN'
------------------------------------------------------------------------
