 update dicionario set tamdisp = 46 where tabela = 'Clientes' and camposistema = 'Nome'
 update dicionario set tamdisp = 53 where tabela = 'Clientes' and camposistema = 'Nome'
 update dicionario set tamdisp = 43 where tabela = 'Clientes' and camposistema = 'Nome'
 update dicionario set tamdisp = 44 where tabela = 'Clientes' and camposistema = 'Nome'
 update dicionario set tamdisp = 57 where tabela = 'Clientes' and camposistema = 'Nome'
 update dicionario set tamdisp = 66 where tabela = 'Clientes' and camposistema = 'Nome'
 update dicionario set tamdisp = 75 where tabela = 'Clientes' and camposistema = 'Nome'
 update dicionario set tamdisp = 83 where tabela = 'Clientes' and camposistema = 'Nome'
 update dicionario set tamdisp = 91 where tabela = 'Clientes' and camposistema = 'Nome'
 update dicionario set tamdisp = 97 where tabela = 'Clientes' and camposistema = 'Nome'
 update dicionario set tamdisp = 52 where tabela = 'Clientes' and camposistema = 'Nome'
 update dicionario set tamdisp = 47 where tabela = 'Clientes' and camposistema = 'Nome'
 update dicionario set tamdisp = 51 where tabela = 'Clientes' and camposistema = 'Nome'
 update dicionario set tamdisp = 48 where tabela = 'Clientes' and camposistema = 'Nome'
 update dicionario set tamdisp = 46 where tabela = 'Clientes' and camposistema = 'Nome'
 update dicionario set tamdisp = 44 where tabela = 'Clientes' and camposistema = 'Nome'
 update dicionario set tamdisp = 45 where tabela = 'Clientes' and camposistema = 'Nome'
 update dicionario set tamdisp = 53 where tabela = 'Clientes' and camposistema = 'Nome'
 update dicionario set tamdisp = 62 where tabela = 'Clientes' and camposistema = 'Nome'
 update dicionario set tamdisp = 72 where tabela = 'Clientes' and camposistema = 'Nome'
 update dicionario set tamdisp = 47 where tabela = 'Clientes' and camposistema = 'Residência'
 update dicionario set tamdisp = 56 where tabela = 'Clientes' and camposistema = 'Residência'
 update dicionario set tamdisp = 64 where tabela = 'Clientes' and camposistema = 'Bairro'
 update dicionario set tamdisp = 52 where tabela = 'Clientes' and camposistema = 'Nome'
 update dicionario set tamdisp = 32 where tabela = 'Clientes' and camposistema = 'Cidade'
 update dicionario set tamdisp = 47 where tabela = 'Clientes' and camposistema = 'Cidade'
 update dicionario set tamdisp = 50 where tabela = 'Clientes' and camposistema = 'Residência'
 update dicionario set tamdisp = 60 where tabela = 'Clientes' and camposistema = 'Cidade'
 update dicionario set tamdisp = 66 where tabela = 'Clientes' and camposistema = 'Residência'
 update dicionario set tamdisp = 73 where tabela = 'Clientes' and camposistema = 'Cidade'
 update dicionario set tamdisp = 79 where tabela = 'Clientes' and camposistema = 'Cidade'
 update dicionario set tamdisp = 48 where tabela = 'Clientes' and camposistema = 'Nome'
 update dicionario set tamdisp = 82 where tabela = 'Clientes' and camposistema = 'Cidade'
 update dicionario set tamdisp = 85 where tabela = 'Clientes' and camposistema = 'Cidade'
 update dicionario set tamdisp = 90 where tabela = 'Clientes' and camposistema = 'Cidade'
 update dicionario set tamdisp = 48 where tabela = 'Clientes' and camposistema = 'Cidade'
 update dicionario set tamdisp = 53 where tabela = 'Clientes' and camposistema = 'Cidade'
 update dicionario set tamdisp = 49 where tabela = 'Clientes' and camposistema = 'Cidade'
 update dicionario set tamdisp = 49 where tabela = 'Clientes' and camposistema = 'Residência'
 update dicionario set tamdisp = 53 where tabela = 'Clientes' and camposistema = 'Cidade'
 update dicionario set tamdisp = 46 where tabela = 'Clientes' and camposistema = 'Residência'
 update dicionario set tamdisp = 59 where tabela = 'Clientes' and camposistema = 'Cidade'
 update dicionario set tamdisp = 49 where tabela = 'Clientes' and camposistema = 'Residência'
 update dicionario set tamdisp = 44 where tabela = 'Clientes' and camposistema = 'Cidade'
 update dicionario set tamdisp = 51 where tabela = 'Clientes' and camposistema = 'Cidade'
 update dicionario set tamdisp = 57 where tabela = 'Clientes' and camposistema = 'Residência'
 update dicionario set tamdisp = 55 where tabela = 'Clientes' and camposistema = 'Cidade'
 update dicionario set tamdisp = 58 where tabela = 'Clientes' and camposistema = 'Cidade'
 update dicionario set tamdisp = 60 where tabela = 'Clientes' and camposistema = 'Cidade'
 update dicionario set tamdisp = 48 where tabela = 'Clientes' and camposistema = 'Residência'
 update dicionario set tamdisp = 49 where tabela = 'Clientes' and camposistema = 'Cidade'
 update dicionario set tamdisp = 25 where tabela = 'Clientes' and camposistema = 'Cpf/Cnpj'
 update dicionario set tamdisp = 61 where tabela = 'Clientes' and camposistema = 'Nome'
 update dicionario set tamdisp = 58 where tabela = 'Clientes' and camposistema = 'Residência'
 update dicionario set tamdisp = 66 where tabela = 'Clientes' and camposistema = 'Residência'
 update dicionario set tamdisp = 56 where tabela = 'Clientes' and camposistema = 'Cidade'
 update dicionario set tamdisp = 37 where tabela = 'Clientes' and camposistema = 'Cpf/Cnpj'
 update dicionario set tamdisp = 47 where tabela = 'Clientes' and camposistema = 'Residência'
 update dicionario set tamdisp = 77 where tabela = 'Clientes' and camposistema = 'Cidade'
 update dicionario set tamdisp = 35 where tabela = 'Clientes' and camposistema = 'Nome'
 update dicionario set tamdisp = 69 where tabela = 'Clientes' and camposistema = 'Nome'
 update dicionario set tamdisp = 54 where tabela = 'Clientes' and camposistema = 'Nome'
 update dicionario set tamdisp = 39 where tabela = 'Clientes' and camposistema = 'Nome'
 update dicionario set tamdisp = 27 where tabela = 'Clientes' and camposistema = 'Nome'
 update dicionario set tamdisp = 15 where tabela = 'Clientes' and camposistema = 'Nome'
 update dicionario set tamdisp = 25 where tabela = 'Clientes' and camposistema = 'Nome'
 update dicionario set tamdisp = 25 where tabela = 'Clientes' and camposistema = 'Nome'
 update dicionario set tamdisp = 48 where tabela = 'Clientes' and camposistema = 'Nome'
 update dicionario set tamdisp = 74 where tabela = 'Clientes' and camposistema = 'Nome'
 update dicionario set tamdisp = 42 where tabela = 'Clientes' and camposistema = 'Nome'
 update dicionario set tamdisp = 19 where tabela = 'Clientes' and camposistema = 'Nome'
 update dicionario set tamdisp = 26 where tabela = 'Clientes' and camposistema = 'Nome'
 update dicionario set tamdisp = 34 where tabela = 'Clientes' and camposistema = 'Nome'
 update dicionario set tamdisp = 21 where tabela = 'Clientes' and camposistema = 'Nome'
 update dicionario set tamdisp = 95 where tabela = 'Clientes' and camposistema = 'Cidade'
 update dicionario set tamdisp = 30 where tabela = 'Clientes' and camposistema = 'Nome'
 update dicionario set tamdisp = 26 where tabela = 'Clientes' and camposistema = 'Nome'
 update dicionario set tamdisp = 39 where tabela = 'Clientes' and camposistema = 'Nome'
 update dicionario set tamdisp = 39 where tabela = 'Clientes' and camposistema = 'Cidade'
 update dicionario set tamdisp = 35 where tabela = 'Clientes' and camposistema = 'Nome'
 update dicionario set tamdisp = 47 where tabela = 'Clientes' and camposistema = 'Nome'
 update dicionario set tamdisp = 56 where tabela = 'Clientes' and camposistema = 'Nome'
