Admin 27/04/2022 15:29:03   Admin 27/04/2022 15:29:03   Admin 27/04/2022 15:26:23   Admin 27/04/2022 15:26:23   Admin 27/04/2022 15:22:02   Admin 27/04/2022 15:22:02   Admin 27/04/2022 15:17:12   Admin 27/04/2022 15:17:12   Admin 27/04/2022 15:12:04   Admin 27/04/2022 15:12:04   Admin 27/04/2022 15:08:09   Admin 27/04/2022 15:08:09   Admin 27/04/2022 15:05:47   Admin 27/04/2022 15:05:47   Admin 27/04/2022 15:01:59   Admin 27/04/2022 15:01:59   Admin 27/04/2022 15:00:32   Admin 27/04/2022 15:00:32   Admin 27/04/2022 14:58:04   Admin 27/04/2022 14:58:04   Admin 27/04/2022 14:48:25   Admin 27/04/2022 14:48:25   Admin 27/04/2022 14:44:33   Admin 27/04/2022 14:44:33   Admin 27/04/2022 14:41:58   Admin 27/04/2022 14:41:58   Admin 27/04/2022 14:40:15   Admin 27/04/2022 14:40:15   Admin 27/04/2022 14:37:44   Admin 27/04/2022 14:37:44   Admin 27/04/2022 14:34:12   Admin 27/04/2022 14:34:12   Admin 27/04/2022 14:22:46   Admin 27/04/2022 14:22:46   Admin 27/04/2022 14:19:49   Admin 27/04/2022 14:19:49   Admin 27/04/2022 14:09:03   Admin 27/04/2022 14:09:03   Admin 27/04/2022 14:08:02   Admin 27/04/2022 14:08:02   Admin 27/04/2022 14:02:17   Admin 27/04/2022 14:02:17   Admin 27/04/2022 13:57:52   Admin 27/04/2022 13:57:52   Admin 27/04/2022 13:50:14   Admin 27/04/2022 13:50:14   Admin 27/04/2022 12:24:12   Admin 27/04/2022 12:24:12   Admin 27/04/2022 12:23:24   Admin 27/04/2022 12:23:24   Admin 27/04/2022 12:17:51   Admin 27/04/2022 12:17:51   Admin 27/04/2022 11:38:53   Admin 27/04/2022 11:38:53   update dicionario set ordem = ordem + 1  where tabela = 'Clientes' and ordem >= 2 and Ordem < 7;
 update dicionario set ordem = 2 where tabela = 'Clientes' and ordem = 7 and camposistema = 'Compras';
 update dicionario set ordem = ordem - 1  where tabela = 'Clientes' and ordem > 2 and Ordem <= 7;
 update dicionario set ordem = 7 where tabela = 'Clientes' and ordem = 2 and camposistema = 'Nome';
 update dicionario set ordem = ordem + 1  where tabela = 'Clientes' and ordem >= 0 and Ordem < 2;
 update dicionario set ordem = 0 where tabela = 'Clientes' and ordem = 2 and camposistema = 'Nome';
 update dicionario set ordem = ordem - 1  where tabela = 'Clientes' and ordem > 2 and Ordem <= 7;
 update dicionario set ordem = 7 where tabela = 'Clientes' and ordem = 2 and camposistema = 'Nome';
 update dicionario set ordem = ordem - 1  where tabela = 'Clientes' and ordem > 2 and Ordem <= 7;
 update dicionario set ordem = 7 where tabela = 'Clientes' and ordem = 2 and camposistema = 'Nome';
 update dicionario set ordem = ordem - 1  where tabela = 'Clientes' and ordem > 2 and Ordem <= 7;
 update dicionario set ordem = 7 where tabela = 'Clientes' and ordem = 2 and camposistema = 'Nome';
 update dicionario set ordem = ordem - 1  where tabela = 'Clientes' and ordem > 2 and Ordem <= 7;
 update dicionario set ordem = 7 where tabela = 'Clientes' and ordem = 2 and camposistema = 'Nome';
 update dicionario set ordem = ordem - 1  where tabela = 'Clientes' and ordem > 2 and Ordem <= 7;
 update dicionario set ordem = 7 where tabela = 'Clientes' and ordem = 2 and camposistema = 'Nome';
 update dicionario set ordem = ordem - 1  where tabela = 'Clientes' and ordem > 2 and Ordem <= 7;
 update dicionario set ordem = 7 where tabela = 'Clientes' and ordem = 2 and camposistema = 'Nome';
 update dicionario set ordem = ordem - 1  where tabela = 'Clientes' and ordem > 2 and Ordem <= 7;
 update dicionario set ordem = 7 where tabela = 'Clientes' and ordem = 2 and camposistema = 'Nome';
 update dicionario set ordem = ordem - 1  where tabela = 'Clientes' and ordem > 2 and Ordem <= 7;
 update dicionario set ordem = 7 where tabela = 'Clientes' and ordem = 2 and camposistema = 'Nome';
 update dicionario set ordem = ordem - 1  where tabela = 'Clientes' and ordem > 2 and Ordem <= 7;
 update dicionario set ordem = 7 where tabela = 'Clientes' and ordem = 2 and camposistema = 'Nome';
 update dicionario set ordem = ordem - 1  where tabela = 'Clientes' and ordem > 2 and Ordem <= 7;
 update dicionario set ordem = 7 where tabela = 'Clientes' and ordem = 2 and camposistema = 'Nome';
 update dicionario set ordem = ordem - 1  where tabela = 'Clientes' and ordem > 2 and Ordem <= 7;
 update dicionario set ordem = 7 where tabela = 'Clientes' and ordem = 2 and camposistema = 'Nome';
 update dicionario set ordem = ordem - 1  where tabela = 'Clientes' and ordem > 2 and Ordem <= 7;
 update dicionario set ordem = 7 where tabela = 'Clientes' and ordem = 2 and camposistema = 'Nome';
 update dicionario set ordem = ordem - 1  where tabela = 'Clientes' and ordem > 2 and Ordem <= 7;
 update dicionario set ordem = 7 where tabela = 'Clientes' and ordem = 2 and camposistema = 'Nome';
 update dicionario set ordem = ordem - 1  where tabela = 'Clientes' and ordem > 2 and Ordem <= 7;
 update dicionario set ordem = 7 where tabela = 'Clientes' and ordem = 2 and camposistema = 'Nome';
 update dicionario set ordem = ordem - 1  where tabela = 'Clientes' and ordem > 2 and Ordem <= 7;
 update dicionario set ordem = 7 where tabela = 'Clientes' and ordem = 2 and camposistema = 'Nome';
 update dicionario set ordem = ordem - 1  where tabela = 'Clientes' and ordem > 2 and Ordem <= 7;
 update dicionario set ordem = 7 where tabela = 'Clientes' and ordem = 2 and camposistema = 'Nome';
 update dicionario set ordem = ordem + 1  where tabela = 'Clientes' and ordem >= 2 and Ordem < 7;
 update dicionario set ordem = 2 where tabela = 'Clientes' and ordem = 7 and camposistema = 'Compras';
 update dicionario set ordem = ordem - 1  where tabela = 'Clientes' and ordem > 2 and Ordem <= 7;
 update dicionario set ordem = 7 where tabela = 'Clientes' and ordem = 2 and camposistema = 'Nome';
 update dicionario set ordem = ordem - 1  where tabela = 'Clientes' and ordem > 2 and Ordem <= 7;
 update dicionario set ordem = 7 where tabela = 'Clientes' and ordem = 2 and camposistema = 'Nome';
 update dicionario set ordem = ordem - 1  where tabela = 'Clientes' and ordem > 2 and Ordem <= 7;
 update dicionario set ordem = 7 where tabela = 'Clientes' and ordem = 2 and camposistema = 'Nome';
 update dicionario set ordem = ordem + 1  where tabela = 'Clientes' and ordem >= 0 and Ordem < 5;
 update dicionario set ordem = 0 where tabela = 'Clientes' and ordem = 5 and camposistema = 'Bairro';
 update dicionario set ordem = ordem + 1  where tabela = 'Clientes' and ordem >= 0 and Ordem < 6;
 update dicionario set ordem = 0 where tabela = 'Clientes' and ordem = 6 and camposistema = 'Cidade';
 update dicionario set ordem = ordem + 1  where tabela = 'Clientes' and ordem >= 0 and Ordem < 6;
 update dicionario set ordem = 0 where tabela = 'Clientes' and ordem = 6 and camposistema = 'Cidade';
 update dicionario set ordem = ordem + 1  where tabela = 'Clientes' and ordem >= 0 and Ordem < 4;
 update dicionario set ordem = 0 where tabela = 'Clientes' and ordem = 4 and camposistema = 'Residência';
