Admin 20/05/2022 11:58:10   Admin 20/05/2022 11:58:10   Admin 20/05/2022 11:55:41   Admin 20/05/2022 11:55:41   Admin 20/05/2022 11:50:58   Admin 20/05/2022 11:50:58   Admin 20/05/2022 11:48:49   Admin 20/05/2022 11:48:49   Admin 20/05/2022 11:46:44   Admin 20/05/2022 11:46:44   Admin 20/05/2022 11:37:40   Admin 20/05/2022 11:37:40   Admin 20/05/2022 11:33:52   Admin 20/05/2022 11:33:52   Admin 20/05/2022 11:26:41   Admin 20/05/2022 11:26:41   Admin 20/05/2022 11:22:27   Admin 20/05/2022 11:22:27   Admin 20/05/2022 11:21:04   Admin 20/05/2022 11:21:04   Admin 20/05/2022 11:20:55   Admin 20/05/2022 11:20:55   update dicionario set ordem = ordem - 1  where tabela = 'Clientes' and ordem > 3 and Ordem <= 5;
 update dicionario set ordem = 5 where tabela = 'Clientes' and ordem = 3 and camposistema = 'Nome';
 update dicionario set ordem = ordem - 1  where tabela = 'Clientes' and ordem > 2 and Ordem <= 5;
 update dicionario set ordem = 5 where tabela = 'Clientes' and ordem = 2 and camposistema = 'Bairro';
 update dicionario set ordem = ordem - 1  where tabela = 'Clientes' and ordem > 2 and Ordem <= 6;
 update dicionario set ordem = 6 where tabela = 'Clientes' and ordem = 2 and camposistema = 'Bairro';
 update dicionario set ordem = ordem - 1  where tabela = 'Clientes' and ordem > 1 and Ordem <= 6;
 update dicionario set ordem = 6 where tabela = 'Clientes' and ordem = 1 and camposistema = 'Código';
 update dicionario set ordem = ordem - 1  where tabela = 'Clientes' and ordem > 1 and Ordem <= 6;
 update dicionario set ordem = 6 where tabela = 'Clientes' and ordem = 1 and camposistema = 'Código';
 update dicionario set ordem = ordem - 1  where tabela = 'Clientes' and ordem > 1 and Ordem <= 6;
 update dicionario set ordem = 6 where tabela = 'Clientes' and ordem = 1 and camposistema = 'Código';
 update dicionario set ordem = ordem - 1  where tabela = 'Clientes' and ordem > 1 and Ordem <= 5;
 update dicionario set ordem = 5 where tabela = 'Clientes' and ordem = 1 and camposistema = 'Código';
 update dicionario set ordem = ordem - 1  where tabela = 'Clientes' and ordem > 1 and Ordem <= 6;
 update dicionario set ordem = 6 where tabela = 'Clientes' and ordem = 1 and camposistema = 'Código';
 update dicionario set ordem = ordem - 1  where tabela = 'Clientes' and ordem > 1 and Ordem <= 6;
 update dicionario set ordem = 6 where tabela = 'Clientes' and ordem = 1 and camposistema = 'Código';
 update dicionario set ordem = ordem - 1  where tabela = 'Clientes' and ordem > 1 and Ordem <= 6;
 update dicionario set ordem = 6 where tabela = 'Clientes' and ordem = 1 and camposistema = 'Código';
 update dicionario set ordem = ordem - 1  where tabela = 'Clientes' and ordem > 1 and Ordem <= 6;
 update dicionario set ordem = 6 where tabela = 'Clientes' and ordem = 1 and camposistema = 'Código';
